$ /home/vt_ai_test1/mamba-envs/ml/bin/python /home/vt_ai_test1/KarenHE/contrast-phys/contrast-phys+/EfficientPhysNet/evaluation/evaluate.py /home/vt_ai_test1/KarenHE/contrast-phys/contrast-phys+/results/EfficientPhysNet/label_ratio_0/camera_compare/20260424_023317/per_camera/Audrey/v01/video_RAW_YUV420/live_runs/2026-04-24_02-34-10/eval_bundle_t10s

[stdout]
====================================================================
评估: Layer 1 波形质量 + Layer 2 心率结果
====================================================================
pred_dir: /home/vt_ai_test1/KarenHE/contrast-phys/contrast-phys+/results/EfficientPhysNet/label_ratio_0/camera_compare/20260424_023317/per_camera/Audrey/v01/video_RAW_YUV420/live_runs/2026-04-24_02-34-10/eval_bundle_t10s
meta: input_size=96 | inference_time=nans | clips=6
Layer 1 PSD: 启用 | HR 用于 Capture-SNR: 是
Layer 2 HR 指标: 启用
诊断: Random 10s 子窗 | WaveCorr / ACF
====================================================================

session:
--------------------------------------------------------
  Clip 1  [ 10s]: PSD_corr=0.0670, PSD_MSE=0.0067 | HR_pred=49.8, HR_gt=89.9, err=40.1 BPM | WaveLagCorr=0.234 | CapSNR=-8.20dB | IPR=0.7942 | HR_half_std=0.32
  Clip 2  [ 10s]: PSD_corr=0.1201, PSD_MSE=0.0077 | HR_pred=86.0, HR_gt=87.7, err=1.7 BPM | WaveLagCorr=0.495 | CapSNR=5.84dB | IPR=0.7160 | HR_half_std=4.65
  Clip 3  [ 10s]: PSD_corr=0.6882, PSD_MSE=0.0023 | HR_pred=87.9, HR_gt=89.2, err=1.3 BPM | WaveLagCorr=0.481 | CapSNR=1.34dB | IPR=0.7830 | HR_half_std=19.54
  Clip 4  [ 10s]: PSD_corr=0.8804, PSD_MSE=0.0019 | HR_pred=88.0, HR_gt=87.9, err=0.1 BPM | WaveLagCorr=0.398 | CapSNR=1.84dB | IPR=0.8646 | HR_half_std=24.76
  Clip 5  [ 10s]: PSD_corr=0.9525, PSD_MSE=0.0046 | HR_pred=90.8, HR_gt=90.3, err=0.5 BPM | WaveLagCorr=0.630 | CapSNR=0.56dB | IPR=0.8756 | HR_half_std=5.21
  Clip 6  [ 10s]: PSD_corr=-0.0207, PSD_MSE=0.0154 | HR_pred=59.8, HR_gt=89.6, err=29.8 BPM | WaveLagCorr=0.230 | CapSNR=-18.26dB | IPR=0.6938 | HR_half_std=17.05
  Clip 1a [ 10s]: PSD_corr=0.0670, PSD_MSE=0.0067 | HR_pred=49.8, HR_gt=89.9, err=40.1 BPM  ── seed=311904596 start=0.0s
  Clip 2a [ 10s]: PSD_corr=0.1201, PSD_MSE=0.0077 | HR_pred=86.0, HR_gt=87.7, err=1.7 BPM  ── seed=864354587 start=0.0s
  Clip 3a [ 10s]: PSD_corr=0.6882, PSD_MSE=0.0023 | HR_pred=87.9, HR_gt=89.2, err=1.3 BPM  ── seed=382501924 start=0.0s
  Clip 4a [ 10s]: PSD_corr=0.8804, PSD_MSE=0.0019 | HR_pred=88.0, HR_gt=87.9, err=0.1 BPM  ── seed=431468440 start=0.0s
  Clip 5a [ 10s]: PSD_corr=0.9525, PSD_MSE=0.0046 | HR_pred=90.8, HR_gt=90.3, err=0.5 BPM  ── seed=1537304954 start=0.0s
  Clip 6a [ 10s]: PSD_corr=-0.0207, PSD_MSE=0.0154 | HR_pred=59.8, HR_gt=89.6, err=29.8 BPM  ── seed=449066905 start=0.0s

====================================================================
Layer 1 波形质量（rPPG vs GT 规律 / 频谱 / 稳定性）
====================================================================
  PSD Pearson: 0.4479 ± 0.4024  (n=6)
  PSD MSE:     0.006424 ± 0.004548
  Capture-SNR: -2.81 ± 8.09 dB  (GT HR 频点及谐波附近能量)
  IPR:         0.7879 ± 0.0679  (40–250 BPM 外能量占比，越低越好)
  WaveCorr@0=0.2489 | WaveCorr@lag=0.4115 | ACF=0.4326
  HR_half_std: 11.92 ± 8.96 BPM  (同 clip 两半段 HR 离散度)

====================================================================
Layer 2 心率结果（设备侧）
====================================================================
  n=6
  MAE=12.24 BPM, RMSE=20.40 BPM, P5=66.7%, P10=66.7%
  Pearson(HR)=-0.3861

====================================================================
诊断：Random 10s 子窗口
====================================================================
  PSD Pearson=0.4479 ± 0.4024, PSD MSE=0.006424 ± 0.004548, n=6
  MAE=12.24 BPM, RMSE=20.40 BPM, P5=66.7%, P10=66.7%, n=6

每个 Subject (Layer 1 + 2):
  session: PSD=0.4479 MSE=0.006424 | CapSNR=-2.81dB | IPR=0.7879 | WLag=0.411 ACF=0.433 | HR_½std=11.92 | MAE=12.24BPM

评估结果已保存到: /home/vt_ai_test1/KarenHE/contrast-phys/contrast-phys+/results/EfficientPhysNet/label_ratio_0/camera_compare/20260424_023317/per_camera/Audrey/v01/video_RAW_YUV420/live_runs/2026-04-24_02-34-10/eval_bundle_t10s/eval
  - summary.txt
✓ 评估完成
