$ /home/vt_ai_test1/mamba-envs/ml/bin/python /home/vt_ai_test1/KarenHE/contrast-phys/contrast-phys+/EfficientPhysNet/evaluation/evaluate.py /home/vt_ai_test1/KarenHE/contrast-phys/contrast-phys+/results/EfficientPhysNet/label_ratio_0/camera_compare/20260424_023317/per_camera/Felix Lee/v01/video_RAW_YUV420/live_runs/2026-04-24_02-37-09/eval_bundle_t10s

[stdout]
====================================================================
评估: Layer 1 波形质量 + Layer 2 心率结果
====================================================================
pred_dir: /home/vt_ai_test1/KarenHE/contrast-phys/contrast-phys+/results/EfficientPhysNet/label_ratio_0/camera_compare/20260424_023317/per_camera/Felix Lee/v01/video_RAW_YUV420/live_runs/2026-04-24_02-37-09/eval_bundle_t10s
meta: input_size=96 | inference_time=nans | clips=6
Layer 1 PSD: 启用 | HR 用于 Capture-SNR: 是
Layer 2 HR 指标: 启用
诊断: Random 10s 子窗 | WaveCorr / ACF
====================================================================

session:
--------------------------------------------------------
  Clip 1  [ 10s]: PSD_corr=0.2408, PSD_MSE=0.0083 | HR_pred=83.3, HR_gt=83.0, err=0.3 BPM | WaveLagCorr=0.720 | CapSNR=4.76dB | IPR=0.8343 | HR_half_std=0.07
  Clip 2  [ 10s]: PSD_corr=0.7502, PSD_MSE=0.0046 | HR_pred=82.1, HR_gt=82.4, err=0.3 BPM | WaveLagCorr=0.717 | CapSNR=8.42dB | IPR=0.8354 | HR_half_std=0.48
  Clip 3  [ 10s]: PSD_corr=0.7056, PSD_MSE=0.0026 | HR_pred=80.4, HR_gt=80.6, err=0.2 BPM | WaveLagCorr=0.675 | CapSNR=0.75dB | IPR=0.8298 | HR_half_std=1.13
  Clip 4  [ 10s]: PSD_corr=0.5492, PSD_MSE=0.0048 | HR_pred=81.2, HR_gt=79.9, err=1.3 BPM | WaveLagCorr=0.728 | CapSNR=-1.68dB | IPR=0.8278 | HR_half_std=0.77
  Clip 5  [ 10s]: PSD_corr=0.6918, PSD_MSE=0.0064 | HR_pred=84.2, HR_gt=83.9, err=0.3 BPM | WaveLagCorr=0.703 | CapSNR=3.54dB | IPR=0.8185 | HR_half_std=0.38
  Clip 6  [ 10s]: PSD_corr=0.2856, PSD_MSE=0.0091 | HR_pred=81.9, HR_gt=81.8, err=0.1 BPM | WaveLagCorr=0.781 | CapSNR=7.60dB | IPR=0.8287 | HR_half_std=1.38
  Clip 1a [ 10s]: PSD_corr=0.2408, PSD_MSE=0.0083 | HR_pred=83.3, HR_gt=83.0, err=0.3 BPM  ── seed=1189910847 start=0.0s
  Clip 2a [ 10s]: PSD_corr=0.7502, PSD_MSE=0.0046 | HR_pred=82.1, HR_gt=82.4, err=0.3 BPM  ── seed=1032726232 start=0.0s
  Clip 3a [ 10s]: PSD_corr=0.7056, PSD_MSE=0.0026 | HR_pred=80.4, HR_gt=80.6, err=0.2 BPM  ── seed=363929445 start=0.0s
  Clip 4a [ 10s]: PSD_corr=0.5492, PSD_MSE=0.0048 | HR_pred=81.2, HR_gt=79.9, err=1.3 BPM  ── seed=1210053928 start=0.0s
  Clip 5a [ 10s]: PSD_corr=0.6918, PSD_MSE=0.0064 | HR_pred=84.2, HR_gt=83.9, err=0.3 BPM  ── seed=1369115003 start=0.0s
  Clip 6a [ 10s]: PSD_corr=0.2856, PSD_MSE=0.0091 | HR_pred=81.9, HR_gt=81.8, err=0.1 BPM  ── seed=444675561 start=0.0s

====================================================================
Layer 1 波形质量（rPPG vs GT 规律 / 频谱 / 稳定性）
====================================================================
  PSD Pearson: 0.5372 ± 0.2037  (n=6)
  PSD MSE:     0.005966 ± 0.002253
  Capture-SNR: 3.90 ± 3.56 dB  (GT HR 频点及谐波附近能量)
  IPR:         0.8291 ± 0.0055  (40–250 BPM 外能量占比，越低越好)
  WaveCorr@0=0.1810 | WaveCorr@lag=0.7209 | ACF=0.4829
  HR_half_std: 0.70 ± 0.45 BPM  (同 clip 两半段 HR 离散度)

====================================================================
Layer 2 心率结果（设备侧）
====================================================================
  n=6
  MAE=0.39 BPM, RMSE=0.57 BPM, P5=100.0%, P10=100.0%
  Pearson(HR)=0.9277

====================================================================
诊断：Random 10s 子窗口
====================================================================
  PSD Pearson=0.5372 ± 0.2037, PSD MSE=0.005966 ± 0.002253, n=6
  MAE=0.39 BPM, RMSE=0.57 BPM, P5=100.0%, P10=100.0%, n=6

每个 Subject (Layer 1 + 2):
  session: PSD=0.5372 MSE=0.005966 | CapSNR=3.90dB | IPR=0.8291 | WLag=0.721 ACF=0.483 | HR_½std=0.70 | MAE=0.39BPM

评估结果已保存到: /home/vt_ai_test1/KarenHE/contrast-phys/contrast-phys+/results/EfficientPhysNet/label_ratio_0/camera_compare/20260424_023317/per_camera/Felix Lee/v01/video_RAW_YUV420/live_runs/2026-04-24_02-37-09/eval_bundle_t10s/eval
  - summary.txt
✓ 评估完成
