$ /home/vt_ai_test1/mamba-envs/ml/bin/python /home/vt_ai_test1/KarenHE/contrast-phys/contrast-phys+/EfficientPhysNet/evaluation/evaluate.py /home/vt_ai_test1/KarenHE/contrast-phys/contrast-phys+/results/EfficientPhysNet/label_ratio_0/camera_compare/20260424_023317/per_camera/Eric/v01/video_RAW_YUV420/live_runs/2026-04-24_02-36-33/eval_bundle_t10s

[stdout]
====================================================================
评估: Layer 1 波形质量 + Layer 2 心率结果
====================================================================
pred_dir: /home/vt_ai_test1/KarenHE/contrast-phys/contrast-phys+/results/EfficientPhysNet/label_ratio_0/camera_compare/20260424_023317/per_camera/Eric/v01/video_RAW_YUV420/live_runs/2026-04-24_02-36-33/eval_bundle_t10s
meta: input_size=96 | inference_time=nans | clips=6
Layer 1 PSD: 启用 | HR 用于 Capture-SNR: 是
Layer 2 HR 指标: 启用
诊断: Random 10s 子窗 | WaveCorr / ACF
====================================================================

session:
--------------------------------------------------------
  Clip 1  [ 10s]: PSD_corr=0.4393, PSD_MSE=0.0165 | HR_pred=58.6, HR_gt=59.7, err=1.1 BPM | WaveLagCorr=0.432 | CapSNR=-2.61dB | IPR=0.8972 | HR_half_std=10.56
  Clip 2  [ 10s]: PSD_corr=0.2728, PSD_MSE=0.0141 | HR_pred=60.4, HR_gt=59.4, err=1.0 BPM | WaveLagCorr=0.358 | CapSNR=1.51dB | IPR=0.8735 | HR_half_std=5.26
  Clip 3  [ 10s]: PSD_corr=0.5677, PSD_MSE=0.0145 | HR_pred=57.8, HR_gt=59.9, err=2.1 BPM | WaveLagCorr=0.359 | CapSNR=-1.81dB | IPR=0.8788 | HR_half_std=0.44
  Clip 4  [ 10s]: PSD_corr=0.6655, PSD_MSE=0.0117 | HR_pred=60.1, HR_gt=59.3, err=0.8 BPM | WaveLagCorr=0.407 | CapSNR=3.30dB | IPR=0.8809 | HR_half_std=1.34
  Clip 5  [ 10s]: PSD_corr=0.5422, PSD_MSE=0.0096 | HR_pred=61.6, HR_gt=61.5, err=0.1 BPM | WaveLagCorr=0.340 | CapSNR=0.35dB | IPR=0.8775 | HR_half_std=12.06
  Clip 6  [ 10s]: PSD_corr=0.4759, PSD_MSE=0.0073 | HR_pred=62.5, HR_gt=64.3, err=1.8 BPM | WaveLagCorr=0.396 | CapSNR=1.57dB | IPR=0.8796 | HR_half_std=5.38
  Clip 1a [ 10s]: PSD_corr=0.4393, PSD_MSE=0.0165 | HR_pred=58.6, HR_gt=59.7, err=1.1 BPM  ── seed=1926453642 start=0.0s
  Clip 2a [ 10s]: PSD_corr=0.2728, PSD_MSE=0.0141 | HR_pred=60.4, HR_gt=59.4, err=1.0 BPM  ── seed=794823836 start=0.0s
  Clip 3a [ 10s]: PSD_corr=0.5677, PSD_MSE=0.0145 | HR_pred=57.8, HR_gt=59.9, err=2.1 BPM  ── seed=291255235 start=0.0s
  Clip 4a [ 10s]: PSD_corr=0.6655, PSD_MSE=0.0117 | HR_pred=60.1, HR_gt=59.3, err=0.8 BPM  ── seed=466987892 start=0.0s
  Clip 5a [ 10s]: PSD_corr=0.5422, PSD_MSE=0.0096 | HR_pred=61.6, HR_gt=61.5, err=0.1 BPM  ── seed=187475491 start=0.0s
  Clip 6a [ 10s]: PSD_corr=0.4759, PSD_MSE=0.0073 | HR_pred=62.5, HR_gt=64.3, err=1.8 BPM  ── seed=841880284 start=0.0s

====================================================================
Layer 1 波形质量（rPPG vs GT 规律 / 频谱 / 稳定性）
====================================================================
  PSD Pearson: 0.4939 ± 0.1221  (n=6)
  PSD MSE:     0.012280 ± 0.003121
  Capture-SNR: 0.39 ± 2.04 dB  (GT HR 频点及谐波附近能量)
  IPR:         0.8813 ± 0.0075  (40–250 BPM 外能量占比，越低越好)
  WaveCorr@0=0.0884 | WaveCorr@lag=0.3820 | ACF=0.3784
  HR_half_std: 5.84 ± 4.30 BPM  (同 clip 两半段 HR 离散度)

====================================================================
Layer 2 心率结果（设备侧）
====================================================================
  n=6
  MAE=1.14 BPM, RMSE=1.31 BPM, P5=100.0%, P10=100.0%
  Pearson(HR)=0.7495

====================================================================
诊断：Random 10s 子窗口
====================================================================
  PSD Pearson=0.4939 ± 0.1221, PSD MSE=0.012280 ± 0.003121, n=6
  MAE=1.14 BPM, RMSE=1.31 BPM, P5=100.0%, P10=100.0%, n=6

每个 Subject (Layer 1 + 2):
  session: PSD=0.4939 MSE=0.012280 | CapSNR=0.39dB | IPR=0.8813 | WLag=0.382 ACF=0.378 | HR_½std=5.84 | MAE=1.14BPM

评估结果已保存到: /home/vt_ai_test1/KarenHE/contrast-phys/contrast-phys+/results/EfficientPhysNet/label_ratio_0/camera_compare/20260424_023317/per_camera/Eric/v01/video_RAW_YUV420/live_runs/2026-04-24_02-36-33/eval_bundle_t10s/eval
  - summary.txt
✓ 评估完成
