$ /home/vt_ai_test1/mamba-envs/ml/bin/python /home/vt_ai_test1/KarenHE/contrast-phys/contrast-phys+/EfficientPhysNet/evaluation/evaluate.py /home/vt_ai_test1/KarenHE/contrast-phys/contrast-phys+/results/EfficientPhysNet/label_ratio_0/camera_compare/20260424_023317/per_camera/Eric/v01/android_311YJP3P3080D200020/live_runs/2026-04-24_02-36-17/eval_bundle_t10s

[stdout]
====================================================================
评估: Layer 1 波形质量 + Layer 2 心率结果
====================================================================
pred_dir: /home/vt_ai_test1/KarenHE/contrast-phys/contrast-phys+/results/EfficientPhysNet/label_ratio_0/camera_compare/20260424_023317/per_camera/Eric/v01/android_311YJP3P3080D200020/live_runs/2026-04-24_02-36-17/eval_bundle_t10s
meta: input_size=96 | inference_time=nans | clips=5
Layer 1 PSD: 启用 | HR 用于 Capture-SNR: 是
Layer 2 HR 指标: 启用
诊断: Random 10s 子窗 | WaveCorr / ACF
====================================================================

session:
--------------------------------------------------------
  Clip 1  [ 10s]: PSD_corr=0.0346, PSD_MSE=0.0209 | HR_pred=70.4, HR_gt=60.1, err=10.3 BPM | WaveLagCorr=0.328 | CapSNR=-3.30dB | IPR=0.8305 | HR_half_std=14.71
  Clip 2  [ 10s]: PSD_corr=0.1146, PSD_MSE=0.0168 | HR_pred=107.2, HR_gt=61.0, err=46.2 BPM | WaveLagCorr=0.272 | CapSNR=-3.92dB | IPR=0.8479 | HR_half_std=10.86
  Clip 3  [ 10s]: PSD_corr=0.2973, PSD_MSE=0.0161 | HR_pred=60.8, HR_gt=60.6, err=0.1 BPM | WaveLagCorr=0.271 | CapSNR=-2.11dB | IPR=0.8525 | HR_half_std=0.81
  Clip 4  [ 10s]: PSD_corr=0.1968, PSD_MSE=0.0090 | HR_pred=65.6, HR_gt=61.4, err=4.2 BPM | WaveLagCorr=0.303 | CapSNR=-5.39dB | IPR=0.8528 | HR_half_std=7.75
  Clip 5  [ 10s]: PSD_corr=0.2477, PSD_MSE=0.0076 | HR_pred=108.6, HR_gt=62.3, err=46.3 BPM | WaveLagCorr=0.327 | CapSNR=-0.01dB | IPR=0.8377 | HR_half_std=27.46
  Clip 1a [ 10s]: PSD_corr=0.0346, PSD_MSE=0.0209 | HR_pred=70.4, HR_gt=60.1, err=10.3 BPM  ── seed=1214429838 start=0.0s
  Clip 2a [ 10s]: PSD_corr=0.1146, PSD_MSE=0.0168 | HR_pred=107.2, HR_gt=61.0, err=46.2 BPM  ── seed=2072566751 start=0.0s
  Clip 3a [ 10s]: PSD_corr=0.2973, PSD_MSE=0.0161 | HR_pred=60.8, HR_gt=60.6, err=0.1 BPM  ── seed=1511134414 start=0.0s
  Clip 4a [ 10s]: PSD_corr=0.1968, PSD_MSE=0.0090 | HR_pred=65.6, HR_gt=61.4, err=4.2 BPM  ── seed=1445588844 start=0.0s
  Clip 5a [ 10s]: PSD_corr=0.2477, PSD_MSE=0.0076 | HR_pred=108.6, HR_gt=62.3, err=46.3 BPM  ── seed=1859439896 start=0.0s

====================================================================
Layer 1 波形质量（rPPG vs GT 规律 / 频谱 / 稳定性）
====================================================================
  PSD Pearson: 0.1782 ± 0.0938  (n=5)
  PSD MSE:     0.014076 ± 0.005022
  Capture-SNR: -2.95 ± 1.81 dB  (GT HR 频点及谐波附近能量)
  IPR:         0.8443 ± 0.0088  (40–250 BPM 外能量占比，越低越好)
  WaveCorr@0=0.0842 | WaveCorr@lag=0.3003 | ACF=0.3251
  HR_half_std: 12.32 ± 8.84 BPM  (同 clip 两半段 HR 离散度)

====================================================================
Layer 2 心率结果（设备侧）
====================================================================
  n=5
  MAE=21.43 BPM, RMSE=29.67 BPM, P5=40.0%, P10=40.0%
  Pearson(HR)=0.5845

====================================================================
诊断：Random 10s 子窗口
====================================================================
  PSD Pearson=0.1782 ± 0.0938, PSD MSE=0.014076 ± 0.005022, n=5
  MAE=21.43 BPM, RMSE=29.67 BPM, P5=40.0%, P10=40.0%, n=5

每个 Subject (Layer 1 + 2):
  session: PSD=0.1782 MSE=0.014076 | CapSNR=-2.95dB | IPR=0.8443 | WLag=0.300 ACF=0.325 | HR_½std=12.32 | MAE=21.43BPM

评估结果已保存到: /home/vt_ai_test1/KarenHE/contrast-phys/contrast-phys+/results/EfficientPhysNet/label_ratio_0/camera_compare/20260424_023317/per_camera/Eric/v01/android_311YJP3P3080D200020/live_runs/2026-04-24_02-36-17/eval_bundle_t10s/eval
  - summary.txt
✓ 评估完成
