$ /home/vt_ai_test1/mamba-envs/ml/bin/python /home/vt_ai_test1/KarenHE/contrast-phys/contrast-phys+/EfficientPhysNet/live_recorded_infer.py --video /home/vt_ai_test1/KarenHE/contrast-phys/RPPG_data_benny_eric/Recorded_3 Cameras/Raymond/v01/android_311YJP3P3080D200020_2026-03-25_14-46.avi --session-dir /home/vt_ai_test1/KarenHE/contrast-phys/contrast-phys+/results/EfficientPhysNet/label_ratio_0/camera_compare/20260424_023317/gt_proxy/Raymond/v01/android_311YJP3P3080D200020 --strategy curriculum --scales 10 --label-ratio 0.0 --output-root /home/vt_ai_test1/KarenHE/contrast-phys/contrast-phys+/results/EfficientPhysNet/label_ratio_0/camera_compare/20260424_023317/per_camera/Raymond/v01/android_311YJP3P3080D200020 --openface-dir /home/vt_ai_test1/KarenHE/contrast-phys/OpenFace/build_openface_env

[stdout]
  [GT-align] clock offset 236.6s detected, shifted to BVP domain
运行 OpenFace: /home/vt_ai_test1/KarenHE/contrast-phys/OpenFace/build_openface_env/bin/FeatureExtraction -f /home/vt_ai_test1/KarenHE/contrast-phys/RPPG_data_benny_eric/Recorded_3 Cameras/Raymond/v01/android_311YJP3P3080D200020_2026-03-25_14-46.avi -out_dir /home/vt_ai_test1/KarenHE/contrast-phys/contrast-phys+/results/EfficientPhysNet/label_ratio_0/camera_compare/20260424_023317/per_camera/Raymond/v01/android_311YJP3P3080D200020/live_runs/2026-04-24_02-40-42/landmarks -2Dfp
OpenFace -> /home/vt_ai_test1/KarenHE/contrast-phys/contrast-phys+/results/EfficientPhysNet/label_ratio_0/camera_compare/20260424_023317/per_camera/Raymond/v01/android_311YJP3P3080D200020/live_runs/2026-04-24_02-40-42/landmarks/android_311YJP3P3080D200020_2026-03-25_14-46.csv
加载帧: 1755 @ store_size=96, fs(config)=30, GT=yes
  [t10s] clips=5
  已写 evaluate 包: /home/vt_ai_test1/KarenHE/contrast-phys/contrast-phys+/results/EfficientPhysNet/label_ratio_0/camera_compare/20260424_023317/per_camera/Raymond/v01/android_311YJP3P3080D200020/live_runs/2026-04-24_02-40-42/eval_bundle_t10s/session.npy + meta.json

Live recorded inference + eval (UBFC-aligned metrics when GT present)
============================================================
video: /home/vt_ai_test1/KarenHE/contrast-phys/RPPG_data_benny_eric/Recorded_3 Cameras/Raymond/v01/android_311YJP3P3080D200020_2026-03-25_14-46.avi
session_dir: /home/vt_ai_test1/KarenHE/contrast-phys/contrast-phys+/results/EfficientPhysNet/label_ratio_0/camera_compare/20260424_023317/gt_proxy/Raymond/v01/android_311YJP3P3080D200020
strategy: curriculum | input_size: 96 | fs: 30
GT: BVP.csv + frames_timestamp.csv

【主】t10s: n_clips=5, MAE=15.85 BPM, RMSE=19.11 BPM
  clip 1: pred=52.6 BPM gt=79.2 err=26.6 PSD_corr=0.1809
  clip 2: pred=50.4 BPM gt=77.9 err=27.5 PSD_corr=0.0485
  clip 3: pred=59.7 BPM gt=78.2 err=18.4 PSD_corr=0.3741
  clip 4: pred=81.1 BPM gt=78.4 err=2.7 PSD_corr=0.4720
  clip 5: pred=82.6 BPM gt=78.5 err=4.1 PSD_corr=0.3535

JSON: inference_by_scale.json, eval_vs_gt.json
evaluate 复核: cd contrast-phys+ && python EfficientPhysNet/evaluation/evaluate.py <run_dir>/eval_bundle_t10s

保存目录: /home/vt_ai_test1/KarenHE/contrast-phys/contrast-phys+/results/EfficientPhysNet/label_ratio_0/camera_compare/20260424_023317/per_camera/Raymond/v01/android_311YJP3P3080D200020/live_runs/2026-04-24_02-40-42


[stderr]
/home/vt_ai_test1/KarenHE/contrast-phys/contrast-phys+/EfficientPhysNet/live_recorded_infer.py:331: FutureWarning: You are using `torch.load` with `weights_only=False` (the current default value), which uses the default pickle module implicitly. It is possible to construct malicious pickle data which will execute arbitrary code during unpickling (See https://github.com/pytorch/pytorch/blob/main/SECURITY.md#untrusted-models for more details). In a future release, the default value for `weights_only` will be flipped to `True`. This limits the functions that could be executed during unpickling. Arbitrary objects will no longer be allowed to be loaded via this mode unless they are explicitly allowlisted by the user via `torch.serialization.add_safe_globals`. We recommend you start setting `weights_only=True` for any use case where you don't have full control of the loaded file. Please open an issue on GitHub for any issues related to this experimental feature.
  model.load_state_dict(torch.load(weight_path, map_location=device))
