$ /home/vt_ai_test1/mamba-envs/ml/bin/python /home/vt_ai_test1/KarenHE/contrast-phys/contrast-phys+/EfficientPhysNet/evaluation/evaluate.py /home/vt_ai_test1/KarenHE/contrast-phys/contrast-phys+/results/EfficientPhysNet/label_ratio_0/camera_compare/20260424_023317/per_camera/Alvin/v01/video_RAW_YUV420/live_runs/2026-04-24_02-33-35/eval_bundle_t10s

[stdout]
====================================================================
评估: Layer 1 波形质量 + Layer 2 心率结果
====================================================================
pred_dir: /home/vt_ai_test1/KarenHE/contrast-phys/contrast-phys+/results/EfficientPhysNet/label_ratio_0/camera_compare/20260424_023317/per_camera/Alvin/v01/video_RAW_YUV420/live_runs/2026-04-24_02-33-35/eval_bundle_t10s
meta: input_size=96 | inference_time=nans | clips=6
Layer 1 PSD: 启用 | HR 用于 Capture-SNR: 是
Layer 2 HR 指标: 启用
诊断: Random 10s 子窗 | WaveCorr / ACF
====================================================================

session:
--------------------------------------------------------
  Clip 1  [ 10s]: PSD_corr=-0.0604, PSD_MSE=0.0115 | HR_pred=72.8, HR_gt=73.4, err=0.6 BPM | WaveLagCorr=0.169 | CapSNR=-2.75dB | IPR=0.8152 | HR_half_std=4.52
  Clip 2  [ 10s]: PSD_corr=-0.1007, PSD_MSE=0.0178 | HR_pred=72.3, HR_gt=71.9, err=0.4 BPM | WaveLagCorr=0.548 | CapSNR=1.80dB | IPR=0.8634 | HR_half_std=18.94
  Clip 3  [ 10s]: PSD_corr=0.1562, PSD_MSE=0.0175 | HR_pred=69.9, HR_gt=71.6, err=1.7 BPM | WaveLagCorr=0.507 | CapSNR=4.49dB | IPR=0.8655 | HR_half_std=12.47
  Clip 4  [ 10s]: PSD_corr=0.4971, PSD_MSE=0.0062 | HR_pred=76.3, HR_gt=76.2, err=0.0 BPM | WaveLagCorr=0.510 | CapSNR=3.55dB | IPR=0.8701 | HR_half_std=3.08
  Clip 5  [ 10s]: PSD_corr=0.4138, PSD_MSE=0.0132 | HR_pred=80.5, HR_gt=78.1, err=2.4 BPM | WaveLagCorr=0.524 | CapSNR=-2.43dB | IPR=0.8601 | HR_half_std=5.25
  Clip 6  [ 10s]: PSD_corr=0.4331, PSD_MSE=0.0110 | HR_pred=79.2, HR_gt=79.0, err=0.2 BPM | WaveLagCorr=0.559 | CapSNR=-0.90dB | IPR=0.8647 | HR_half_std=8.67
  Clip 1a [ 10s]: PSD_corr=-0.0604, PSD_MSE=0.0115 | HR_pred=72.8, HR_gt=73.4, err=0.6 BPM  ── seed=702207299 start=0.0s
  Clip 2a [ 10s]: PSD_corr=-0.1007, PSD_MSE=0.0178 | HR_pred=72.3, HR_gt=71.9, err=0.4 BPM  ── seed=266403259 start=0.0s
  Clip 3a [ 10s]: PSD_corr=0.1562, PSD_MSE=0.0175 | HR_pred=69.9, HR_gt=71.6, err=1.7 BPM  ── seed=1411859800 start=0.0s
  Clip 4a [ 10s]: PSD_corr=0.4971, PSD_MSE=0.0062 | HR_pred=76.3, HR_gt=76.2, err=0.0 BPM  ── seed=502286023 start=0.0s
  Clip 5a [ 10s]: PSD_corr=0.4138, PSD_MSE=0.0132 | HR_pred=80.5, HR_gt=78.1, err=2.4 BPM  ── seed=610691924 start=0.0s
  Clip 6a [ 10s]: PSD_corr=0.4331, PSD_MSE=0.0110 | HR_pred=79.2, HR_gt=79.0, err=0.2 BPM  ── seed=1905761952 start=0.0s

====================================================================
Layer 1 波形质量（rPPG vs GT 规律 / 频谱 / 稳定性）
====================================================================
  PSD Pearson: 0.2232 ± 0.2399  (n=6)
  PSD MSE:     0.012870 ± 0.003968
  Capture-SNR: 0.63 ± 2.83 dB  (GT HR 频点及谐波附近能量)
  IPR:         0.8565 ± 0.0187  (40–250 BPM 外能量占比，越低越好)
  WaveCorr@0=0.1011 | WaveCorr@lag=0.4697 | ACF=0.3041
  HR_half_std: 8.82 ± 5.48 BPM  (同 clip 两半段 HR 离散度)

====================================================================
Layer 2 心率结果（设备侧）
====================================================================
  n=6
  MAE=0.88 BPM, RMSE=1.25 BPM, P5=100.0%, P10=100.0%
  Pearson(HR)=0.9680

====================================================================
诊断：Random 10s 子窗口
====================================================================
  PSD Pearson=0.2232 ± 0.2399, PSD MSE=0.012870 ± 0.003968, n=6
  MAE=0.88 BPM, RMSE=1.25 BPM, P5=100.0%, P10=100.0%, n=6

每个 Subject (Layer 1 + 2):
  session: PSD=0.2232 MSE=0.012870 | CapSNR=0.63dB | IPR=0.8565 | WLag=0.470 ACF=0.304 | HR_½std=8.82 | MAE=0.88BPM

评估结果已保存到: /home/vt_ai_test1/KarenHE/contrast-phys/contrast-phys+/results/EfficientPhysNet/label_ratio_0/camera_compare/20260424_023317/per_camera/Alvin/v01/video_RAW_YUV420/live_runs/2026-04-24_02-33-35/eval_bundle_t10s/eval
  - summary.txt
✓ 评估完成
