$ /home/vt_ai_test1/mamba-envs/ml/bin/python /home/vt_ai_test1/KarenHE/contrast-phys/contrast-phys+/EfficientPhysNet/evaluation/evaluate.py /home/vt_ai_test1/KarenHE/contrast-phys/contrast-phys+/results/EfficientPhysNet/label_ratio_0/camera_compare/20260424_023317/per_camera/Cyrus Lai/v01/video_RAW_YUV420/live_runs/2026-04-24_02-36-00/eval_bundle_t10s

[stdout]
====================================================================
评估: Layer 1 波形质量 + Layer 2 心率结果
====================================================================
pred_dir: /home/vt_ai_test1/KarenHE/contrast-phys/contrast-phys+/results/EfficientPhysNet/label_ratio_0/camera_compare/20260424_023317/per_camera/Cyrus Lai/v01/video_RAW_YUV420/live_runs/2026-04-24_02-36-00/eval_bundle_t10s
meta: input_size=96 | inference_time=nans | clips=6
Layer 1 PSD: 启用 | HR 用于 Capture-SNR: 是
Layer 2 HR 指标: 启用
诊断: Random 10s 子窗 | WaveCorr / ACF
====================================================================

session:
--------------------------------------------------------
  Clip 1  [ 10s]: PSD_corr=-0.0087, PSD_MSE=0.0071 | HR_pred=41.1, HR_gt=76.3, err=35.2 BPM | WaveLagCorr=0.204 | CapSNR=-4.39dB | IPR=0.7434 | HR_half_std=1.03
  Clip 2  [ 10s]: PSD_corr=0.0950, PSD_MSE=0.0122 | HR_pred=55.4, HR_gt=70.9, err=15.5 BPM | WaveLagCorr=0.366 | CapSNR=-2.72dB | IPR=0.7823 | HR_half_std=16.14
  Clip 3  [ 10s]: PSD_corr=0.1040, PSD_MSE=0.0067 | HR_pred=58.3, HR_gt=83.4, err=25.0 BPM | WaveLagCorr=0.148 | CapSNR=-6.68dB | IPR=0.7689 | HR_half_std=2.12
  Clip 4  [ 10s]: PSD_corr=0.1330, PSD_MSE=0.0045 | HR_pred=71.8, HR_gt=84.3, err=12.5 BPM | WaveLagCorr=0.283 | CapSNR=-7.91dB | IPR=0.7732 | HR_half_std=7.66
  Clip 5  [ 10s]: PSD_corr=0.2689, PSD_MSE=0.0056 | HR_pred=69.5, HR_gt=69.0, err=0.6 BPM | WaveLagCorr=0.260 | CapSNR=-1.89dB | IPR=0.7655 | HR_half_std=10.99
  Clip 6  [ 10s]: PSD_corr=0.1716, PSD_MSE=0.0058 | HR_pred=48.8, HR_gt=75.6, err=26.8 BPM | WaveLagCorr=0.292 | CapSNR=-9.60dB | IPR=0.7747 | HR_half_std=18.30
  Clip 1a [ 10s]: PSD_corr=-0.0087, PSD_MSE=0.0071 | HR_pred=41.1, HR_gt=76.3, err=35.2 BPM  ── seed=276859936 start=0.0s
  Clip 2a [ 10s]: PSD_corr=0.0950, PSD_MSE=0.0122 | HR_pred=55.4, HR_gt=70.9, err=15.5 BPM  ── seed=177107990 start=0.0s
  Clip 3a [ 10s]: PSD_corr=0.1040, PSD_MSE=0.0067 | HR_pred=58.3, HR_gt=83.4, err=25.0 BPM  ── seed=73686251 start=0.0s
  Clip 4a [ 10s]: PSD_corr=0.1330, PSD_MSE=0.0045 | HR_pred=71.8, HR_gt=84.3, err=12.5 BPM  ── seed=1359495599 start=0.0s
  Clip 5a [ 10s]: PSD_corr=0.2689, PSD_MSE=0.0056 | HR_pred=69.5, HR_gt=69.0, err=0.6 BPM  ── seed=1064137111 start=0.0s
  Clip 6a [ 10s]: PSD_corr=0.1716, PSD_MSE=0.0058 | HR_pred=48.8, HR_gt=75.6, err=26.8 BPM  ── seed=194909483 start=0.0s

====================================================================
Layer 1 波形质量（rPPG vs GT 规律 / 频谱 / 稳定性）
====================================================================
  PSD Pearson: 0.1273 ± 0.0838  (n=6)
  PSD MSE:     0.006978 ± 0.002484
  Capture-SNR: -5.53 ± 2.77 dB  (GT HR 频点及谐波附近能量)
  IPR:         0.7680 ± 0.0122  (40–250 BPM 外能量占比，越低越好)
  WaveCorr@0=-0.0178 | WaveCorr@lag=0.2587 | ACF=0.3254
  HR_half_std: 9.37 ± 6.50 BPM  (同 clip 两半段 HR 离散度)

====================================================================
Layer 2 心率结果（设备侧）
====================================================================
  n=6
  MAE=19.26 BPM, RMSE=22.27 BPM, P5=16.7%, P10=16.7%
  Pearson(HR)=0.1361

====================================================================
诊断：Random 10s 子窗口
====================================================================
  PSD Pearson=0.1273 ± 0.0838, PSD MSE=0.006978 ± 0.002484, n=6
  MAE=19.26 BPM, RMSE=22.27 BPM, P5=16.7%, P10=16.7%, n=6

每个 Subject (Layer 1 + 2):
  session: PSD=0.1273 MSE=0.006978 | CapSNR=-5.53dB | IPR=0.7680 | WLag=0.259 ACF=0.325 | HR_½std=9.37 | MAE=19.26BPM

评估结果已保存到: /home/vt_ai_test1/KarenHE/contrast-phys/contrast-phys+/results/EfficientPhysNet/label_ratio_0/camera_compare/20260424_023317/per_camera/Cyrus Lai/v01/video_RAW_YUV420/live_runs/2026-04-24_02-36-00/eval_bundle_t10s/eval
  - summary.txt
✓ 评估完成
