$ /home/vt_ai_test1/mamba-envs/ml/bin/python /home/vt_ai_test1/KarenHE/contrast-phys/contrast-phys+/EfficientPhysNet/evaluation/evaluate.py /home/vt_ai_test1/KarenHE/contrast-phys/contrast-phys+/results/EfficientPhysNet/label_ratio_0/camera_compare/20260424_023317/per_camera/Patrick Wong/v01/android_311YJP3P3080D200020/live_runs/2026-04-24_02-39-27/eval_bundle_t10s

[stdout]
====================================================================
评估: Layer 1 波形质量 + Layer 2 心率结果
====================================================================
pred_dir: /home/vt_ai_test1/KarenHE/contrast-phys/contrast-phys+/results/EfficientPhysNet/label_ratio_0/camera_compare/20260424_023317/per_camera/Patrick Wong/v01/android_311YJP3P3080D200020/live_runs/2026-04-24_02-39-27/eval_bundle_t10s
meta: input_size=96 | inference_time=nans | clips=5
Layer 1 PSD: 启用 | HR 用于 Capture-SNR: 是
Layer 2 HR 指标: 启用
诊断: Random 10s 子窗 | WaveCorr / ACF
====================================================================

session:
--------------------------------------------------------
  Clip 1  [ 10s]: PSD_corr=0.2253, PSD_MSE=0.0172 | HR_pred=77.7, HR_gt=77.6, err=0.2 BPM | WaveLagCorr=0.316 | CapSNR=-0.72dB | IPR=0.7344 | HR_half_std=9.04
  Clip 2  [ 10s]: PSD_corr=-0.0146, PSD_MSE=0.0172 | HR_pred=79.5, HR_gt=78.5, err=1.0 BPM | WaveLagCorr=0.284 | CapSNR=-3.93dB | IPR=0.7273 | HR_half_std=5.48
  Clip 3  [ 10s]: PSD_corr=0.2740, PSD_MSE=0.0082 | HR_pred=77.5, HR_gt=75.7, err=1.8 BPM | WaveLagCorr=0.247 | CapSNR=1.85dB | IPR=0.7238 | HR_half_std=1.06
  Clip 4  [ 10s]: PSD_corr=-0.1662, PSD_MSE=0.0154 | HR_pred=57.8, HR_gt=78.7, err=20.9 BPM | WaveLagCorr=0.233 | CapSNR=-6.31dB | IPR=0.7031 | HR_half_std=25.32
  Clip 5  [ 10s]: PSD_corr=-0.0663, PSD_MSE=0.0069 | HR_pred=82.8, HR_gt=80.8, err=2.0 BPM | WaveLagCorr=0.169 | CapSNR=-6.20dB | IPR=0.7074 | HR_half_std=22.77
  Clip 1a [ 10s]: PSD_corr=0.2253, PSD_MSE=0.0172 | HR_pred=77.7, HR_gt=77.6, err=0.2 BPM  ── seed=1157293305 start=0.0s
  Clip 2a [ 10s]: PSD_corr=-0.0146, PSD_MSE=0.0172 | HR_pred=79.5, HR_gt=78.5, err=1.0 BPM  ── seed=1569094431 start=0.0s
  Clip 3a [ 10s]: PSD_corr=0.2740, PSD_MSE=0.0082 | HR_pred=77.5, HR_gt=75.7, err=1.8 BPM  ── seed=409229929 start=0.0s
  Clip 4a [ 10s]: PSD_corr=-0.1662, PSD_MSE=0.0154 | HR_pred=57.8, HR_gt=78.7, err=20.9 BPM  ── seed=1772740009 start=0.0s
  Clip 5a [ 10s]: PSD_corr=-0.0663, PSD_MSE=0.0069 | HR_pred=82.8, HR_gt=80.8, err=2.0 BPM  ── seed=414956995 start=0.0s

====================================================================
Layer 1 波形质量（rPPG vs GT 规律 / 频谱 / 稳定性）
====================================================================
  PSD Pearson: 0.0504 ± 0.1705  (n=5)
  PSD MSE:     0.012978 ± 0.004508
  Capture-SNR: -3.06 ± 3.18 dB  (GT HR 频点及谐波附近能量)
  IPR:         0.7192 ± 0.0120  (40–250 BPM 外能量占比，越低越好)
  WaveCorr@0=0.1087 | WaveCorr@lag=0.2499 | ACF=0.3216
  HR_half_std: 12.73 ± 9.61 BPM  (同 clip 两半段 HR 离散度)

====================================================================
Layer 2 心率结果（设备侧）
====================================================================
  n=5
  MAE=5.18 BPM, RMSE=9.44 BPM, P5=80.0%, P10=80.0%
  Pearson(HR)=0.0666

====================================================================
诊断：Random 10s 子窗口
====================================================================
  PSD Pearson=0.0504 ± 0.1705, PSD MSE=0.012978 ± 0.004508, n=5
  MAE=5.18 BPM, RMSE=9.44 BPM, P5=80.0%, P10=80.0%, n=5

每个 Subject (Layer 1 + 2):
  session: PSD=0.0504 MSE=0.012978 | CapSNR=-3.06dB | IPR=0.7192 | WLag=0.250 ACF=0.322 | HR_½std=12.73 | MAE=5.18BPM

评估结果已保存到: /home/vt_ai_test1/KarenHE/contrast-phys/contrast-phys+/results/EfficientPhysNet/label_ratio_0/camera_compare/20260424_023317/per_camera/Patrick Wong/v01/android_311YJP3P3080D200020/live_runs/2026-04-24_02-39-27/eval_bundle_t10s/eval
  - summary.txt
✓ 评估完成
