$ /home/vt_ai_test1/mamba-envs/ml/bin/python /home/vt_ai_test1/KarenHE/contrast-phys/contrast-phys+/EfficientPhysNet/live_recorded_infer.py --video /home/vt_ai_test1/KarenHE/contrast-phys/RPPG_data_benny_eric/Recorded_3 Cameras/Jeremy/v01/android_311YJP3P3080D200020_2026-03-25_14-18.avi --session-dir /home/vt_ai_test1/KarenHE/contrast-phys/contrast-phys+/results/EfficientPhysNet/label_ratio_0/camera_compare/20260424_023317/gt_proxy/Jeremy/v01/android_311YJP3P3080D200020 --strategy curriculum --scales 10 --label-ratio 0.0 --output-root /home/vt_ai_test1/KarenHE/contrast-phys/contrast-phys+/results/EfficientPhysNet/label_ratio_0/camera_compare/20260424_023317/per_camera/Jeremy/v01/android_311YJP3P3080D200020 --openface-dir /home/vt_ai_test1/KarenHE/contrast-phys/OpenFace/build_openface_env

[stdout]
  [GT-align] clock offset 236.6s detected, shifted to BVP domain
运行 OpenFace: /home/vt_ai_test1/KarenHE/contrast-phys/OpenFace/build_openface_env/bin/FeatureExtraction -f /home/vt_ai_test1/KarenHE/contrast-phys/RPPG_data_benny_eric/Recorded_3 Cameras/Jeremy/v01/android_311YJP3P3080D200020_2026-03-25_14-18.avi -out_dir /home/vt_ai_test1/KarenHE/contrast-phys/contrast-phys+/results/EfficientPhysNet/label_ratio_0/camera_compare/20260424_023317/per_camera/Jeremy/v01/android_311YJP3P3080D200020/live_runs/2026-04-24_02-38-06/landmarks -2Dfp
OpenFace -> /home/vt_ai_test1/KarenHE/contrast-phys/contrast-phys+/results/EfficientPhysNet/label_ratio_0/camera_compare/20260424_023317/per_camera/Jeremy/v01/android_311YJP3P3080D200020/live_runs/2026-04-24_02-38-06/landmarks/android_311YJP3P3080D200020_2026-03-25_14-18.csv
加载帧: 1757 @ store_size=96, fs(config)=30, GT=yes
  [t10s] clips=5
  已写 evaluate 包: /home/vt_ai_test1/KarenHE/contrast-phys/contrast-phys+/results/EfficientPhysNet/label_ratio_0/camera_compare/20260424_023317/per_camera/Jeremy/v01/android_311YJP3P3080D200020/live_runs/2026-04-24_02-38-06/eval_bundle_t10s/session.npy + meta.json

Live recorded inference + eval (UBFC-aligned metrics when GT present)
============================================================
video: /home/vt_ai_test1/KarenHE/contrast-phys/RPPG_data_benny_eric/Recorded_3 Cameras/Jeremy/v01/android_311YJP3P3080D200020_2026-03-25_14-18.avi
session_dir: /home/vt_ai_test1/KarenHE/contrast-phys/contrast-phys+/results/EfficientPhysNet/label_ratio_0/camera_compare/20260424_023317/gt_proxy/Jeremy/v01/android_311YJP3P3080D200020
strategy: curriculum | input_size: 96 | fs: 30
GT: BVP.csv + frames_timestamp.csv

【主】t10s: n_clips=5, MAE=15.43 BPM, RMSE=19.34 BPM
  clip 1: pred=89.5 BPM gt=91.4 err=2.0 PSD_corr=0.2226
  clip 2: pred=60.4 BPM gt=90.3 err=29.9 PSD_corr=0.2573
  clip 3: pred=103.6 BPM gt=84.9 err=18.7 PSD_corr=0.1423
  clip 4: pred=61.6 BPM gt=86.5 err=24.9 PSD_corr=0.1586
  clip 5: pred=83.2 BPM gt=84.9 err=1.7 PSD_corr=0.6727

JSON: inference_by_scale.json, eval_vs_gt.json
evaluate 复核: cd contrast-phys+ && python EfficientPhysNet/evaluation/evaluate.py <run_dir>/eval_bundle_t10s

保存目录: /home/vt_ai_test1/KarenHE/contrast-phys/contrast-phys+/results/EfficientPhysNet/label_ratio_0/camera_compare/20260424_023317/per_camera/Jeremy/v01/android_311YJP3P3080D200020/live_runs/2026-04-24_02-38-06


[stderr]
/home/vt_ai_test1/KarenHE/contrast-phys/contrast-phys+/EfficientPhysNet/live_recorded_infer.py:331: FutureWarning: You are using `torch.load` with `weights_only=False` (the current default value), which uses the default pickle module implicitly. It is possible to construct malicious pickle data which will execute arbitrary code during unpickling (See https://github.com/pytorch/pytorch/blob/main/SECURITY.md#untrusted-models for more details). In a future release, the default value for `weights_only` will be flipped to `True`. This limits the functions that could be executed during unpickling. Arbitrary objects will no longer be allowed to be loaded via this mode unless they are explicitly allowlisted by the user via `torch.serialization.add_safe_globals`. We recommend you start setting `weights_only=True` for any use case where you don't have full control of the loaded file. Please open an issue on GitHub for any issues related to this experimental feature.
  model.load_state_dict(torch.load(weight_path, map_location=device))
