$ /home/vt_ai_test1/mamba-envs/ml/bin/python /home/vt_ai_test1/KarenHE/contrast-phys/contrast-phys+/EfficientPhysNet/evaluation/evaluate.py /home/vt_ai_test1/KarenHE/contrast-phys/contrast-phys+/results/EfficientPhysNet/label_ratio_0/camera_compare/20260424_023317/per_camera/Jeremy/v01/video_RAW_YUV420/live_runs/2026-04-24_02-38-23/eval_bundle_t10s

[stdout]
====================================================================
评估: Layer 1 波形质量 + Layer 2 心率结果
====================================================================
pred_dir: /home/vt_ai_test1/KarenHE/contrast-phys/contrast-phys+/results/EfficientPhysNet/label_ratio_0/camera_compare/20260424_023317/per_camera/Jeremy/v01/video_RAW_YUV420/live_runs/2026-04-24_02-38-23/eval_bundle_t10s
meta: input_size=96 | inference_time=nans | clips=6
Layer 1 PSD: 启用 | HR 用于 Capture-SNR: 是
Layer 2 HR 指标: 启用
诊断: Random 10s 子窗 | WaveCorr / ACF
====================================================================

session:
--------------------------------------------------------
  Clip 1  [ 10s]: PSD_corr=-0.0228, PSD_MSE=0.0077 | HR_pred=41.6, HR_gt=91.4, err=49.8 BPM | WaveLagCorr=0.370 | CapSNR=-4.99dB | IPR=0.8823 | HR_half_std=9.81
  Clip 2  [ 10s]: PSD_corr=0.3594, PSD_MSE=0.0070 | HR_pred=89.5, HR_gt=87.3, err=2.1 BPM | WaveLagCorr=0.460 | CapSNR=1.02dB | IPR=0.8465 | HR_half_std=2.36
  Clip 3  [ 10s]: PSD_corr=0.0668, PSD_MSE=0.0081 | HR_pred=84.7, HR_gt=85.0, err=0.3 BPM | WaveLagCorr=0.270 | CapSNR=-5.03dB | IPR=0.8670 | HR_half_std=14.89
  Clip 4  [ 10s]: PSD_corr=-0.0883, PSD_MSE=0.0131 | HR_pred=84.4, HR_gt=84.4, err=0.0 BPM | WaveLagCorr=0.466 | CapSNR=0.45dB | IPR=0.8593 | HR_half_std=21.47
  Clip 5  [ 10s]: PSD_corr=0.1919, PSD_MSE=0.0091 | HR_pred=82.2, HR_gt=83.3, err=1.1 BPM | WaveLagCorr=0.320 | CapSNR=2.57dB | IPR=0.8447 | HR_half_std=13.04
  Clip 6  [ 10s]: PSD_corr=0.4099, PSD_MSE=0.0044 | HR_pred=53.2, HR_gt=82.1, err=28.9 BPM | WaveLagCorr=0.458 | CapSNR=-2.05dB | IPR=0.8407 | HR_half_std=12.62
  Clip 1a [ 10s]: PSD_corr=-0.0228, PSD_MSE=0.0077 | HR_pred=41.6, HR_gt=91.4, err=49.8 BPM  ── seed=2082247777 start=0.0s
  Clip 2a [ 10s]: PSD_corr=0.3594, PSD_MSE=0.0070 | HR_pred=89.5, HR_gt=87.3, err=2.1 BPM  ── seed=1628240713 start=0.0s
  Clip 3a [ 10s]: PSD_corr=0.0668, PSD_MSE=0.0081 | HR_pred=84.7, HR_gt=85.0, err=0.3 BPM  ── seed=1378866853 start=0.0s
  Clip 4a [ 10s]: PSD_corr=-0.0883, PSD_MSE=0.0131 | HR_pred=84.4, HR_gt=84.4, err=0.0 BPM  ── seed=36703623 start=0.0s
  Clip 5a [ 10s]: PSD_corr=0.1919, PSD_MSE=0.0091 | HR_pred=82.2, HR_gt=83.3, err=1.1 BPM  ── seed=73774739 start=0.0s
  Clip 6a [ 10s]: PSD_corr=0.4099, PSD_MSE=0.0044 | HR_pred=53.2, HR_gt=82.1, err=28.9 BPM  ── seed=840253397 start=0.0s

====================================================================
Layer 1 波形质量（rPPG vs GT 规律 / 频谱 / 稳定性）
====================================================================
  PSD Pearson: 0.1528 ± 0.1856  (n=6)
  PSD MSE:     0.008229 ± 0.002632
  Capture-SNR: -1.34 ± 2.93 dB  (GT HR 频点及谐波附近能量)
  IPR:         0.8568 ± 0.0145  (40–250 BPM 外能量占比，越低越好)
  WaveCorr@0=0.1737 | WaveCorr@lag=0.3906 | ACF=0.4003
  HR_half_std: 12.36 ± 5.72 BPM  (同 clip 两半段 HR 离散度)

====================================================================
Layer 2 心率结果（设备侧）
====================================================================
  n=6
  MAE=13.71 BPM, RMSE=23.54 BPM, P5=66.7%, P10=66.7%
  Pearson(HR)=-0.3762

====================================================================
诊断：Random 10s 子窗口
====================================================================
  PSD Pearson=0.1528 ± 0.1856, PSD MSE=0.008229 ± 0.002632, n=6
  MAE=13.71 BPM, RMSE=23.54 BPM, P5=66.7%, P10=66.7%, n=6

每个 Subject (Layer 1 + 2):
  session: PSD=0.1528 MSE=0.008229 | CapSNR=-1.34dB | IPR=0.8568 | WLag=0.391 ACF=0.400 | HR_½std=12.36 | MAE=13.71BPM

评估结果已保存到: /home/vt_ai_test1/KarenHE/contrast-phys/contrast-phys+/results/EfficientPhysNet/label_ratio_0/camera_compare/20260424_023317/per_camera/Jeremy/v01/video_RAW_YUV420/live_runs/2026-04-24_02-38-23/eval_bundle_t10s/eval
  - summary.txt
✓ 评估完成
