$ /home/vt_ai_test1/mamba-envs/ml/bin/python /home/vt_ai_test1/KarenHE/contrast-phys/contrast-phys+/EfficientPhysNet/live_recorded_infer.py --video /home/vt_ai_test1/KarenHE/contrast-phys/RPPG_data_benny_eric/Recorded_3 Cameras/Patrick Yum/v01/video_RAW_YUV420.avi --session-dir /home/vt_ai_test1/KarenHE/contrast-phys/contrast-phys+/results/EfficientPhysNet/label_ratio_0/camera_compare/20260424_023317/gt_proxy/Patrick Yum/v01/video_RAW_YUV420 --strategy curriculum --scales 10 --label-ratio 0.0 --output-root /home/vt_ai_test1/KarenHE/contrast-phys/contrast-phys+/results/EfficientPhysNet/label_ratio_0/camera_compare/20260424_023317/per_camera/Patrick Yum/v01/video_RAW_YUV420 --openface-dir /home/vt_ai_test1/KarenHE/contrast-phys/OpenFace/build_openface_env

[stdout]
运行 OpenFace: /home/vt_ai_test1/KarenHE/contrast-phys/OpenFace/build_openface_env/bin/FeatureExtraction -f /home/vt_ai_test1/KarenHE/contrast-phys/RPPG_data_benny_eric/Recorded_3 Cameras/Patrick Yum/v01/video_RAW_YUV420.avi -out_dir /home/vt_ai_test1/KarenHE/contrast-phys/contrast-phys+/results/EfficientPhysNet/label_ratio_0/camera_compare/20260424_023317/per_camera/Patrick Yum/v01/video_RAW_YUV420/live_runs/2026-04-24_02-40-24/landmarks -2Dfp
OpenFace -> /home/vt_ai_test1/KarenHE/contrast-phys/contrast-phys+/results/EfficientPhysNet/label_ratio_0/camera_compare/20260424_023317/per_camera/Patrick Yum/v01/video_RAW_YUV420/live_runs/2026-04-24_02-40-24/landmarks/video_RAW_YUV420.csv
加载帧: 1804 @ store_size=96, fs(config)=30, GT=yes
  [t10s] clips=6
  已写 evaluate 包: /home/vt_ai_test1/KarenHE/contrast-phys/contrast-phys+/results/EfficientPhysNet/label_ratio_0/camera_compare/20260424_023317/per_camera/Patrick Yum/v01/video_RAW_YUV420/live_runs/2026-04-24_02-40-24/eval_bundle_t10s/session.npy + meta.json

Live recorded inference + eval (UBFC-aligned metrics when GT present)
============================================================
video: /home/vt_ai_test1/KarenHE/contrast-phys/RPPG_data_benny_eric/Recorded_3 Cameras/Patrick Yum/v01/video_RAW_YUV420.avi
session_dir: /home/vt_ai_test1/KarenHE/contrast-phys/contrast-phys+/results/EfficientPhysNet/label_ratio_0/camera_compare/20260424_023317/gt_proxy/Patrick Yum/v01/video_RAW_YUV420
strategy: curriculum | input_size: 96 | fs: 30
GT: BVP.csv + frames_timestamp.csv

【主】t10s: n_clips=6, MAE=0.82 BPM, RMSE=1.03 BPM
  clip 1: pred=84.5 BPM gt=86.6 err=2.1 PSD_corr=0.2171
  clip 2: pred=84.8 BPM gt=84.5 err=0.4 PSD_corr=0.0548
  clip 3: pred=89.0 BPM gt=87.8 err=1.1 PSD_corr=0.0975
  clip 4: pred=88.3 BPM gt=88.6 err=0.3 PSD_corr=0.2911
  clip 5: pred=88.7 BPM gt=89.0 err=0.4 PSD_corr=-0.0982
  clip 6: pred=87.5 BPM gt=88.1 err=0.6 PSD_corr=0.1943

JSON: inference_by_scale.json, eval_vs_gt.json
evaluate 复核: cd contrast-phys+ && python EfficientPhysNet/evaluation/evaluate.py <run_dir>/eval_bundle_t10s

保存目录: /home/vt_ai_test1/KarenHE/contrast-phys/contrast-phys+/results/EfficientPhysNet/label_ratio_0/camera_compare/20260424_023317/per_camera/Patrick Yum/v01/video_RAW_YUV420/live_runs/2026-04-24_02-40-24


[stderr]
/home/vt_ai_test1/KarenHE/contrast-phys/contrast-phys+/EfficientPhysNet/live_recorded_infer.py:331: FutureWarning: You are using `torch.load` with `weights_only=False` (the current default value), which uses the default pickle module implicitly. It is possible to construct malicious pickle data which will execute arbitrary code during unpickling (See https://github.com/pytorch/pytorch/blob/main/SECURITY.md#untrusted-models for more details). In a future release, the default value for `weights_only` will be flipped to `True`. This limits the functions that could be executed during unpickling. Arbitrary objects will no longer be allowed to be loaded via this mode unless they are explicitly allowlisted by the user via `torch.serialization.add_safe_globals`. We recommend you start setting `weights_only=True` for any use case where you don't have full control of the loaded file. Please open an issue on GitHub for any issues related to this experimental feature.
  model.load_state_dict(torch.load(weight_path, map_location=device))
