$ /home/vt_ai_test1/mamba-envs/ml/bin/python /home/vt_ai_test1/KarenHE/contrast-phys/contrast-phys+/EfficientPhysNet/evaluation/evaluate.py /home/vt_ai_test1/KarenHE/contrast-phys/contrast-phys+/results/EfficientPhysNet/label_ratio_0/camera_compare/20260424_023317/per_camera/Hugo/v01/android_311YJP3P3080D200020/live_runs/2026-04-24_02-37-27/eval_bundle_t10s

[stdout]
====================================================================
评估: Layer 1 波形质量 + Layer 2 心率结果
====================================================================
pred_dir: /home/vt_ai_test1/KarenHE/contrast-phys/contrast-phys+/results/EfficientPhysNet/label_ratio_0/camera_compare/20260424_023317/per_camera/Hugo/v01/android_311YJP3P3080D200020/live_runs/2026-04-24_02-37-27/eval_bundle_t10s
meta: input_size=96 | inference_time=nans | clips=5
Layer 1 PSD: 启用 | HR 用于 Capture-SNR: 是
Layer 2 HR 指标: 启用
诊断: Random 10s 子窗 | WaveCorr / ACF
====================================================================

session:
--------------------------------------------------------
  Clip 1  [ 10s]: PSD_corr=0.1432, PSD_MSE=0.0072 | HR_pred=143.8, HR_gt=82.2, err=61.6 BPM | WaveLagCorr=0.237 | CapSNR=-8.03dB | IPR=0.8273 | HR_half_std=2.32
  Clip 2  [ 10s]: PSD_corr=0.1767, PSD_MSE=0.0060 | HR_pred=73.6, HR_gt=79.1, err=5.5 BPM | WaveLagCorr=0.362 | CapSNR=-3.27dB | IPR=0.8147 | HR_half_std=6.69
  Clip 3  [ 10s]: PSD_corr=0.0586, PSD_MSE=0.0136 | HR_pred=61.0, HR_gt=83.8, err=22.8 BPM | WaveLagCorr=0.305 | CapSNR=-5.83dB | IPR=0.8244 | HR_half_std=3.90
  Clip 4  [ 10s]: PSD_corr=-0.0523, PSD_MSE=0.0123 | HR_pred=68.1, HR_gt=82.2, err=14.1 BPM | WaveLagCorr=0.283 | CapSNR=-7.30dB | IPR=0.8202 | HR_half_std=18.00
  Clip 5  [ 10s]: PSD_corr=-0.0862, PSD_MSE=0.0083 | HR_pred=100.5, HR_gt=85.8, err=14.7 BPM | WaveLagCorr=0.251 | CapSNR=-4.08dB | IPR=0.8137 | HR_half_std=18.47
  Clip 1a [ 10s]: PSD_corr=0.1432, PSD_MSE=0.0072 | HR_pred=143.8, HR_gt=82.2, err=61.6 BPM  ── seed=1036318112 start=0.0s
  Clip 2a [ 10s]: PSD_corr=0.1767, PSD_MSE=0.0060 | HR_pred=73.6, HR_gt=79.1, err=5.5 BPM  ── seed=1432394760 start=0.0s
  Clip 3a [ 10s]: PSD_corr=0.0586, PSD_MSE=0.0136 | HR_pred=61.0, HR_gt=83.8, err=22.8 BPM  ── seed=1952788438 start=0.0s
  Clip 4a [ 10s]: PSD_corr=-0.0523, PSD_MSE=0.0123 | HR_pred=68.1, HR_gt=82.2, err=14.1 BPM  ── seed=1501365316 start=0.0s
  Clip 5a [ 10s]: PSD_corr=-0.0862, PSD_MSE=0.0083 | HR_pred=100.5, HR_gt=85.8, err=14.7 BPM  ── seed=320517137 start=0.0s

====================================================================
Layer 1 波形质量（rPPG vs GT 规律 / 频谱 / 稳定性）
====================================================================
  PSD Pearson: 0.0480 ± 0.1037  (n=5)
  PSD MSE:     0.009489 ± 0.002974
  Capture-SNR: -5.70 ± 1.82 dB  (GT HR 频点及谐波附近能量)
  IPR:         0.8200 ± 0.0053  (40–250 BPM 外能量占比，越低越好)
  WaveCorr@0=0.1472 | WaveCorr@lag=0.2875 | ACF=0.3113
  HR_half_std: 9.87 ± 6.97 BPM  (同 clip 两半段 HR 离散度)

====================================================================
Layer 2 心率结果（设备侧）
====================================================================
  n=5
  MAE=23.75 BPM, RMSE=30.87 BPM, P5=0.0%, P10=20.0%
  Pearson(HR)=0.1286

====================================================================
诊断：Random 10s 子窗口
====================================================================
  PSD Pearson=0.0480 ± 0.1037, PSD MSE=0.009489 ± 0.002974, n=5
  MAE=23.75 BPM, RMSE=30.87 BPM, P5=0.0%, P10=20.0%, n=5

每个 Subject (Layer 1 + 2):
  session: PSD=0.0480 MSE=0.009489 | CapSNR=-5.70dB | IPR=0.8200 | WLag=0.288 ACF=0.311 | HR_½std=9.87 | MAE=23.75BPM

评估结果已保存到: /home/vt_ai_test1/KarenHE/contrast-phys/contrast-phys+/results/EfficientPhysNet/label_ratio_0/camera_compare/20260424_023317/per_camera/Hugo/v01/android_311YJP3P3080D200020/live_runs/2026-04-24_02-37-27/eval_bundle_t10s/eval
  - summary.txt
✓ 评估完成
