$ /home/vt_ai_test1/mamba-envs/ml/bin/python /home/vt_ai_test1/KarenHE/contrast-phys/contrast-phys+/EfficientPhysNet/evaluation/evaluate.py /home/vt_ai_test1/KarenHE/contrast-phys/contrast-phys+/results/EfficientPhysNet/label_ratio_0/camera_compare/20260424_023317/per_camera/Valetta/v02/android_311YJP3P3080D200020/live_runs/2026-04-24_02-42-12/eval_bundle_t10s

[stdout]
====================================================================
评估: Layer 1 波形质量 + Layer 2 心率结果
====================================================================
pred_dir: /home/vt_ai_test1/KarenHE/contrast-phys/contrast-phys+/results/EfficientPhysNet/label_ratio_0/camera_compare/20260424_023317/per_camera/Valetta/v02/android_311YJP3P3080D200020/live_runs/2026-04-24_02-42-12/eval_bundle_t10s
meta: input_size=96 | inference_time=nans | clips=5
Layer 1 PSD: 启用 | HR 用于 Capture-SNR: 是
Layer 2 HR 指标: 启用
诊断: Random 10s 子窗 | WaveCorr / ACF
====================================================================

session:
--------------------------------------------------------
  Clip 1  [ 10s]: PSD_corr=0.7961, PSD_MSE=0.0025 | HR_pred=72.1, HR_gt=70.9, err=1.2 BPM | WaveLagCorr=0.540 | CapSNR=-0.05dB | IPR=0.7845 | HR_half_std=5.73
  Clip 2  [ 10s]: PSD_corr=-0.0559, PSD_MSE=0.0097 | HR_pred=85.1, HR_gt=74.3, err=10.8 BPM | WaveLagCorr=0.261 | CapSNR=-4.59dB | IPR=0.8137 | HR_half_std=33.74
  Clip 3  [ 10s]: PSD_corr=0.2250, PSD_MSE=0.0080 | HR_pred=69.8, HR_gt=73.1, err=3.2 BPM | WaveLagCorr=0.354 | CapSNR=-2.64dB | IPR=0.7963 | HR_half_std=6.12
  Clip 4  [ 10s]: PSD_corr=0.4680, PSD_MSE=0.0027 | HR_pred=94.1, HR_gt=74.0, err=20.1 BPM | WaveLagCorr=0.163 | CapSNR=-5.66dB | IPR=0.7923 | HR_half_std=19.00
  Clip 5  [ 10s]: PSD_corr=0.3036, PSD_MSE=0.0047 | HR_pred=73.4, HR_gt=74.7, err=1.3 BPM | WaveLagCorr=0.396 | CapSNR=-5.02dB | IPR=0.8219 | HR_half_std=3.51
  Clip 1a [ 10s]: PSD_corr=0.7961, PSD_MSE=0.0025 | HR_pred=72.1, HR_gt=70.9, err=1.2 BPM  ── seed=959873452 start=0.0s
  Clip 2a [ 10s]: PSD_corr=-0.0559, PSD_MSE=0.0097 | HR_pred=85.1, HR_gt=74.3, err=10.8 BPM  ── seed=999225563 start=0.0s
  Clip 3a [ 10s]: PSD_corr=0.2250, PSD_MSE=0.0080 | HR_pred=69.8, HR_gt=73.1, err=3.2 BPM  ── seed=1593761609 start=0.0s
  Clip 4a [ 10s]: PSD_corr=0.4680, PSD_MSE=0.0027 | HR_pred=94.1, HR_gt=74.0, err=20.1 BPM  ── seed=1579868529 start=0.0s
  Clip 5a [ 10s]: PSD_corr=0.3036, PSD_MSE=0.0047 | HR_pred=73.4, HR_gt=74.7, err=1.3 BPM  ── seed=1418863943 start=0.0s

====================================================================
Layer 1 波形质量（rPPG vs GT 规律 / 频谱 / 稳定性）
====================================================================
  PSD Pearson: 0.3474 ± 0.2812  (n=5)
  PSD MSE:     0.005500 ± 0.002892
  Capture-SNR: -3.59 ± 2.04 dB  (GT HR 频点及谐波附近能量)
  IPR:         0.8018 ± 0.0139  (40–250 BPM 外能量占比，越低越好)
  WaveCorr@0=-0.0468 | WaveCorr@lag=0.3429 | ACF=0.3802
  HR_half_std: 13.62 ± 11.44 BPM  (同 clip 两半段 HR 离散度)

====================================================================
Layer 2 心率结果（设备侧）
====================================================================
  n=5
  MAE=7.34 BPM, RMSE=10.36 BPM, P5=60.0%, P10=60.0%
  Pearson(HR)=0.4405

====================================================================
诊断：Random 10s 子窗口
====================================================================
  PSD Pearson=0.3474 ± 0.2812, PSD MSE=0.005500 ± 0.002892, n=5
  MAE=7.34 BPM, RMSE=10.36 BPM, P5=60.0%, P10=60.0%, n=5

每个 Subject (Layer 1 + 2):
  session: PSD=0.3474 MSE=0.005500 | CapSNR=-3.59dB | IPR=0.8018 | WLag=0.343 ACF=0.380 | HR_½std=13.62 | MAE=7.34BPM

评估结果已保存到: /home/vt_ai_test1/KarenHE/contrast-phys/contrast-phys+/results/EfficientPhysNet/label_ratio_0/camera_compare/20260424_023317/per_camera/Valetta/v02/android_311YJP3P3080D200020/live_runs/2026-04-24_02-42-12/eval_bundle_t10s/eval
  - summary.txt
✓ 评估完成
