$ /home/vt_ai_test1/mamba-envs/ml/bin/python /home/vt_ai_test1/KarenHE/contrast-phys/contrast-phys+/EfficientPhysNet/evaluation/evaluate.py /home/vt_ai_test1/KarenHE/contrast-phys/contrast-phys+/results/EfficientPhysNet/label_ratio_0/camera_compare/20260424_023317/per_camera/Valetta/v02/video_RAW_YUV420/live_runs/2026-04-24_02-42-30/eval_bundle_t10s

[stdout]
====================================================================
评估: Layer 1 波形质量 + Layer 2 心率结果
====================================================================
pred_dir: /home/vt_ai_test1/KarenHE/contrast-phys/contrast-phys+/results/EfficientPhysNet/label_ratio_0/camera_compare/20260424_023317/per_camera/Valetta/v02/video_RAW_YUV420/live_runs/2026-04-24_02-42-30/eval_bundle_t10s
meta: input_size=96 | inference_time=nans | clips=6
Layer 1 PSD: 启用 | HR 用于 Capture-SNR: 是
Layer 2 HR 指标: 启用
诊断: Random 10s 子窗 | WaveCorr / ACF
====================================================================

session:
--------------------------------------------------------
  Clip 1  [ 10s]: PSD_corr=0.6018, PSD_MSE=0.0039 | HR_pred=69.8, HR_gt=71.0, err=1.2 BPM | WaveLagCorr=0.303 | CapSNR=1.79dB | IPR=0.7942 | HR_half_std=4.73
  Clip 2  [ 10s]: PSD_corr=0.8081, PSD_MSE=0.0063 | HR_pred=71.8, HR_gt=72.3, err=0.5 BPM | WaveLagCorr=0.669 | CapSNR=1.50dB | IPR=0.8080 | HR_half_std=1.33
  Clip 3  [ 10s]: PSD_corr=0.7136, PSD_MSE=0.0035 | HR_pred=73.1, HR_gt=73.2, err=0.1 BPM | WaveLagCorr=0.519 | CapSNR=-2.04dB | IPR=0.8142 | HR_half_std=16.69
  Clip 4  [ 10s]: PSD_corr=0.8850, PSD_MSE=0.0031 | HR_pred=73.6, HR_gt=74.0, err=0.4 BPM | WaveLagCorr=0.614 | CapSNR=-0.78dB | IPR=0.8555 | HR_half_std=2.54
  Clip 5  [ 10s]: PSD_corr=0.7180, PSD_MSE=0.0040 | HR_pred=71.6, HR_gt=74.3, err=2.7 BPM | WaveLagCorr=0.507 | CapSNR=-2.84dB | IPR=0.8433 | HR_half_std=19.56
  Clip 6  [ 10s]: PSD_corr=0.4514, PSD_MSE=0.0048 | HR_pred=79.1, HR_gt=70.2, err=8.9 BPM | WaveLagCorr=0.357 | CapSNR=-5.10dB | IPR=0.8615 | HR_half_std=6.75
  Clip 1a [ 10s]: PSD_corr=0.6018, PSD_MSE=0.0039 | HR_pred=69.8, HR_gt=71.0, err=1.2 BPM  ── seed=1612771858 start=0.0s
  Clip 2a [ 10s]: PSD_corr=0.8081, PSD_MSE=0.0063 | HR_pred=71.8, HR_gt=72.3, err=0.5 BPM  ── seed=1708282579 start=0.0s
  Clip 3a [ 10s]: PSD_corr=0.7136, PSD_MSE=0.0035 | HR_pred=73.1, HR_gt=73.2, err=0.1 BPM  ── seed=1758042497 start=0.0s
  Clip 4a [ 10s]: PSD_corr=0.8850, PSD_MSE=0.0031 | HR_pred=73.6, HR_gt=74.0, err=0.4 BPM  ── seed=1665907868 start=0.0s
  Clip 5a [ 10s]: PSD_corr=0.7180, PSD_MSE=0.0040 | HR_pred=71.6, HR_gt=74.3, err=2.7 BPM  ── seed=663401931 start=0.0s
  Clip 6a [ 10s]: PSD_corr=0.4514, PSD_MSE=0.0048 | HR_pred=79.1, HR_gt=70.2, err=8.9 BPM  ── seed=1128237204 start=0.0s

====================================================================
Layer 1 波形质量（rPPG vs GT 规律 / 频谱 / 稳定性）
====================================================================
  PSD Pearson: 0.6963 ± 0.1401  (n=6)
  PSD MSE:     0.004276 ± 0.001032
  Capture-SNR: -1.25 ± 2.42 dB  (GT HR 频点及谐波附近能量)
  IPR:         0.8294 ± 0.0253  (40–250 BPM 外能量占比，越低越好)
  WaveCorr@0=0.2814 | WaveCorr@lag=0.4947 | ACF=0.5517
  HR_half_std: 8.60 ± 7.00 BPM  (同 clip 两半段 HR 离散度)

====================================================================
Layer 2 心率结果（设备侧）
====================================================================
  n=6
  MAE=2.30 BPM, RMSE=3.85 BPM, P5=83.3%, P10=100.0%
  Pearson(HR)=-0.4030

====================================================================
诊断：Random 10s 子窗口
====================================================================
  PSD Pearson=0.6963 ± 0.1401, PSD MSE=0.004276 ± 0.001032, n=6
  MAE=2.30 BPM, RMSE=3.85 BPM, P5=83.3%, P10=100.0%, n=6

每个 Subject (Layer 1 + 2):
  session: PSD=0.6963 MSE=0.004276 | CapSNR=-1.25dB | IPR=0.8294 | WLag=0.495 ACF=0.552 | HR_½std=8.60 | MAE=2.30BPM

评估结果已保存到: /home/vt_ai_test1/KarenHE/contrast-phys/contrast-phys+/results/EfficientPhysNet/label_ratio_0/camera_compare/20260424_023317/per_camera/Valetta/v02/video_RAW_YUV420/live_runs/2026-04-24_02-42-30/eval_bundle_t10s/eval
  - summary.txt
✓ 评估完成
