$ /home/vt_ai_test1/mamba-envs/ml/bin/python /home/vt_ai_test1/KarenHE/contrast-phys/contrast-phys+/EfficientPhysNet/evaluation/evaluate.py /home/vt_ai_test1/KarenHE/contrast-phys/contrast-phys+/results/EfficientPhysNet/label_ratio_0/camera_compare/20260424_023317/per_camera/Benny/v01/android_311YJP3P3080D200020/live_runs/2026-04-24_02-35-06/eval_bundle_t10s

[stdout]
====================================================================
评估: Layer 1 波形质量 + Layer 2 心率结果
====================================================================
pred_dir: /home/vt_ai_test1/KarenHE/contrast-phys/contrast-phys+/results/EfficientPhysNet/label_ratio_0/camera_compare/20260424_023317/per_camera/Benny/v01/android_311YJP3P3080D200020/live_runs/2026-04-24_02-35-06/eval_bundle_t10s
meta: input_size=96 | inference_time=nans | clips=5
Layer 1 PSD: 启用 | HR 用于 Capture-SNR: 是
Layer 2 HR 指标: 启用
诊断: Random 10s 子窗 | WaveCorr / ACF
====================================================================

session:
--------------------------------------------------------
  Clip 1  [ 10s]: PSD_corr=0.0395, PSD_MSE=0.0146 | HR_pred=42.6, HR_gt=76.9, err=34.3 BPM | WaveLagCorr=0.268 | CapSNR=-8.84dB | IPR=0.7781 | HR_half_std=3.67
  Clip 2  [ 10s]: PSD_corr=0.1905, PSD_MSE=0.0048 | HR_pred=72.7, HR_gt=82.3, err=9.6 BPM | WaveLagCorr=0.342 | CapSNR=-6.11dB | IPR=0.8854 | HR_half_std=21.64
  Clip 3  [ 10s]: PSD_corr=0.5431, PSD_MSE=0.0040 | HR_pred=77.7, HR_gt=73.8, err=3.9 BPM | WaveLagCorr=0.537 | CapSNR=-8.34dB | IPR=0.8639 | HR_half_std=22.27
  Clip 4  [ 10s]: PSD_corr=0.2397, PSD_MSE=0.0139 | HR_pred=112.9, HR_gt=77.9, err=35.0 BPM | WaveLagCorr=0.259 | CapSNR=-6.45dB | IPR=0.8776 | HR_half_std=3.57
  Clip 5  [ 10s]: PSD_corr=0.5065, PSD_MSE=0.0075 | HR_pred=118.5, HR_gt=84.8, err=33.7 BPM | WaveLagCorr=0.288 | CapSNR=-11.79dB | IPR=0.8686 | HR_half_std=25.35
  Clip 1a [ 10s]: PSD_corr=0.0395, PSD_MSE=0.0146 | HR_pred=42.6, HR_gt=76.9, err=34.3 BPM  ── seed=672110601 start=0.0s
  Clip 2a [ 10s]: PSD_corr=0.1905, PSD_MSE=0.0048 | HR_pred=72.7, HR_gt=82.3, err=9.6 BPM  ── seed=1779154022 start=0.0s
  Clip 3a [ 10s]: PSD_corr=0.5431, PSD_MSE=0.0040 | HR_pred=77.7, HR_gt=73.8, err=3.9 BPM  ── seed=1579414830 start=0.0s
  Clip 4a [ 10s]: PSD_corr=0.2397, PSD_MSE=0.0139 | HR_pred=112.9, HR_gt=77.9, err=35.0 BPM  ── seed=465359648 start=0.0s
  Clip 5a [ 10s]: PSD_corr=0.5065, PSD_MSE=0.0075 | HR_pred=118.5, HR_gt=84.8, err=33.7 BPM  ── seed=1346796718 start=0.0s

====================================================================
Layer 1 波形质量（rPPG vs GT 规律 / 频谱 / 稳定性）
====================================================================
  PSD Pearson: 0.3039 ± 0.1924  (n=5)
  PSD MSE:     0.008961 ± 0.004490
  Capture-SNR: -8.31 ± 2.03 dB  (GT HR 频点及谐波附近能量)
  IPR:         0.8547 ± 0.0390  (40–250 BPM 外能量占比，越低越好)
  WaveCorr@0=-0.1426 | WaveCorr@lag=0.3388 | ACF=0.2815
  HR_half_std: 15.30 ± 9.62 BPM  (同 clip 两半段 HR 离散度)

====================================================================
Layer 2 心率结果（设备侧）
====================================================================
  n=5
  MAE=23.30 BPM, RMSE=27.00 BPM, P5=20.0%, P10=40.0%
  Pearson(HR)=0.4524

====================================================================
诊断：Random 10s 子窗口
====================================================================
  PSD Pearson=0.3039 ± 0.1924, PSD MSE=0.008961 ± 0.004490, n=5
  MAE=23.30 BPM, RMSE=27.00 BPM, P5=20.0%, P10=40.0%, n=5

每个 Subject (Layer 1 + 2):
  session: PSD=0.3039 MSE=0.008961 | CapSNR=-8.31dB | IPR=0.8547 | WLag=0.339 ACF=0.282 | HR_½std=15.30 | MAE=23.30BPM

评估结果已保存到: /home/vt_ai_test1/KarenHE/contrast-phys/contrast-phys+/results/EfficientPhysNet/label_ratio_0/camera_compare/20260424_023317/per_camera/Benny/v01/android_311YJP3P3080D200020/live_runs/2026-04-24_02-35-06/eval_bundle_t10s/eval
  - summary.txt
✓ 评估完成
